<?xml version="1.0" encoding="UTF-8"?>
<!-- Generated by org.testng.reporters.JUnitReportReporter -->
<testsuite hostname="LAPTOP-CD8JOBST" failures="0" tests="1" name="com.RMGYantra_Parameters.PutRequestChaining" time="4.622" errors="0" timestamp="2022-05-18T17:58:40 IST" skipped="0">
  <testcase classname="com.RMGYantra_Parameters.PutRequestChaining" name="putRequestChaining" time="4.622"/>
  <system-out/>
</testsuite> <!-- com.RMGYantra_Parameters.PutRequestChaining -->
