<?xml version="1.0" encoding="UTF-8"?>
<!-- Generated by org.testng.reporters.JUnitReportReporter -->
<testsuite hostname="LAPTOP-CD8JOBST" failures="0" tests="1" name="com.RMGYantra_Parameters.RequestChaining" time="3.654" errors="0" timestamp="2022-05-18T17:39:58 IST" skipped="0">
  <testcase classname="com.RMGYantra_Parameters.RequestChaining" name="requestChaining" time="3.654"/>
  <system-out/>
</testsuite> <!-- com.RMGYantra_Parameters.RequestChaining -->
