<?xml version="1.0" encoding="UTF-8"?>
<!-- Generated by org.testng.reporters.JUnitReportReporter -->
<testsuite hostname="LAPTOP-CD8JOBST" failures="0" tests="1" name="com.RMGYantra_CRUD_Operations.DeleteProjects" time="4.551" errors="0" timestamp="2022-05-17T17:36:33 IST" skipped="0">
  <testcase classname="com.RMGYantra_CRUD_Operations.DeleteProjects" name="deleteprojects" time="4.551"/>
  <system-out/>
</testsuite> <!-- com.RMGYantra_CRUD_Operations.DeleteProjects -->
