<?xml version="1.0" encoding="UTF-8"?>
<!-- Generated by org.testng.reporters.JUnitReportReporter -->
<testsuite hostname="LAPTOP-CD8JOBST" failures="0" tests="1" name="com.RMGYantra_CRUD_Operations_Without_BDD.CreateProjectTest" time="9.205" errors="0" timestamp="2022-05-18T11:32:49 IST" skipped="0">
  <testcase classname="com.RMGYantra_CRUD_Operations_Without_BDD.CreateProjectTest" name="createProjectTest" time="9.205"/>
  <system-out/>
</testsuite> <!-- com.RMGYantra_CRUD_Operations_Without_BDD.CreateProjectTest -->
