<?xml version="1.0" encoding="UTF-8"?>
<!-- Generated by org.testng.reporters.JUnitReportReporter -->
<testsuite hostname="LAPTOP-CD8JOBST" failures="0" tests="2" name="com.RMGYantra_Different_Ways_To_Post.CreatingProjectUsingPOJOTest" time="5.415" errors="0" timestamp="2022-05-18T13:25:56 IST" skipped="0">
  <testcase classname="com.RMGYantra_Different_Ways_To_Post.CreatingProjectUsingPOJOTest" name="creatingProjectUsingPOJOTest" time="0.151"/>
  <system-out/>
  <testcase classname="com.RMGYantra_Different_Ways_To_Post.CreatingProjectUsingPOJOTest" name="creatingProjectUsingPOJOTest" time="5.264"/>
  <system-out/>
</testsuite> <!-- com.RMGYantra_Different_Ways_To_Post.CreatingProjectUsingPOJOTest -->
