<?xml version="1.0" encoding="UTF-8"?>
<!-- Generated by org.testng.reporters.JUnitReportReporter -->
<testsuite hostname="LAPTOP-CD8JOBST" failures="0" tests="1" name="com.RMGYantra_CRUD_Operations.PatchUpdateProject" time="5.582" errors="0" timestamp="2022-05-18T10:04:15 IST" skipped="0">
  <testcase classname="com.RMGYantra_CRUD_Operations.PatchUpdateProject" name="patchUpdateProject" time="5.582"/>
  <system-out/>
</testsuite> <!-- com.RMGYantra_CRUD_Operations.PatchUpdateProject -->
