<?xml version="1.0" encoding="UTF-8"?>
<!-- Generated by org.testng.reporters.JUnitReportReporter -->
<testsuite hostname="LAPTOP-CD8JOBST" failures="0" tests="1" name="com.RMGYantra_Validation.DynamicResponseValidationTest" time="9.097" errors="0" timestamp="2022-05-18T16:05:59 IST" skipped="0">
  <testcase classname="com.RMGYantra_Validation.DynamicResponseValidationTest" name="DynamicResponseValidationTest" time="9.097"/>
  <system-out/>
</testsuite> <!-- com.RMGYantra_Validation.DynamicResponseValidationTest -->
