<?xml version="1.0" encoding="UTF-8"?>
<!-- Generated by org.testng.reporters.JUnitReportReporter -->
<testsuite hostname="LAPTOP-CD8JOBST" failures="0" tests="1" name="com.RMGYantra_CRUD_Operations.FullUpdateProject" time="3.164" errors="0" timestamp="2022-05-17T22:19:24 IST" skipped="0">
  <testcase classname="com.RMGYantra_CRUD_Operations.FullUpdateProject" name="fullUpdateProject" time="3.164"/>
  <system-out/>
</testsuite> <!-- com.RMGYantra_CRUD_Operations.FullUpdateProject -->
