<?xml version="1.0" encoding="UTF-8"?>
<!-- Generated by org.testng.reporters.JUnitReportReporter -->
<testsuite hostname="LAPTOP-CD8JOBST" failures="0" tests="1" name="com.RMGYantra_Authentication.BarerTokenTest" time="4.968" errors="0" timestamp="2022-05-19T12:27:52 IST" skipped="0">
  <testcase classname="com.RMGYantra_Authentication.BarerTokenTest" name="barerTokenTest" time="4.968"/>
  <system-out/>
</testsuite> <!-- com.RMGYantra_Authentication.BarerTokenTest -->
