<?xml version="1.0" encoding="UTF-8"?>
<!-- Generated by org.testng.reporters.JUnitReportReporter -->
<testsuite hostname="LAPTOP-CD8JOBST" failures="0" tests="1" name="com.RMGYantra_CRUD_Operations_Without_BDD.PatchUpdateProject" time="4.219" errors="0" timestamp="2022-05-18T11:52:18 IST" skipped="0">
  <testcase classname="com.RMGYantra_CRUD_Operations_Without_BDD.PatchUpdateProject" name="patchUpdateProject" time="4.219"/>
  <system-out/>
</testsuite> <!-- com.RMGYantra_CRUD_Operations_Without_BDD.PatchUpdateProject -->
