<?xml version="1.0" encoding="UTF-8"?>
<!-- Generated by org.testng.reporters.JUnitReportReporter -->
<testsuite hostname="LAPTOP-CD8JOBST" failures="0" tests="1" name="com.RMGYantra_CRUD_Operations_Without_BDD.GetSingleProject" time="2.793" errors="0" timestamp="2022-05-18T11:40:52 IST" skipped="0">
  <testcase classname="com.RMGYantra_CRUD_Operations_Without_BDD.GetSingleProject" name="getSingleProject" time="2.793"/>
  <system-out/>
</testsuite> <!-- com.RMGYantra_CRUD_Operations_Without_BDD.GetSingleProject -->
