<?xml version="1.0" encoding="UTF-8"?>
<!-- Generated by org.testng.reporters.JUnitReportReporter -->
<testsuite hostname="LAPTOP-CD8JOBST" failures="0" tests="1" name="com.RMGYantra_Authentication.OAuth2Test" time="5.034" errors="0" timestamp="2022-05-19T12:47:06 IST" skipped="0">
  <testcase classname="com.RMGYantra_Authentication.OAuth2Test" name="oauth" time="5.034"/>
  <system-out/>
</testsuite> <!-- com.RMGYantra_Authentication.OAuth2Test -->
