<?xml version="1.0" encoding="UTF-8"?>
<!-- Generated by org.testng.reporters.JUnitReportReporter -->
<testsuite hostname="LAPTOP-CD8JOBST" failures="0" tests="1" name="com.RMGYantra_Validation.StaticResponseValidationTest" time="4.850" errors="0" timestamp="2022-05-18T15:48:53 IST" skipped="0">
  <testcase classname="com.RMGYantra_Validation.StaticResponseValidationTest" name="staticResponseValidationTest" time="4.850"/>
  <system-out/>
</testsuite> <!-- com.RMGYantra_Validation.StaticResponseValidationTest -->
