<?xml version="1.0" encoding="UTF-8"?>
<!-- Generated by org.testng.reporters.JUnitReportReporter -->
<testsuite hostname="LAPTOP-CD8JOBST" failures="0" tests="2" name="com.RMGYantra_Authentication.PreemptiveDigestiveTest" time="7.060" errors="0" timestamp="2022-05-19T11:50:11 IST" skipped="0">
  <testcase classname="com.RMGYantra_Authentication.PreemptiveDigestiveTest" name="DigestiveTest" time="6.725"/>
  <system-out/>
  <testcase classname="com.RMGYantra_Authentication.PreemptiveDigestiveTest" name="PreemptiveTest" time="0.335"/>
  <system-out/>
</testsuite> <!-- com.RMGYantra_Authentication.PreemptiveDigestiveTest -->
