<?xml version="1.0" encoding="UTF-8"?>
<!-- Generated by org.testng.reporters.JUnitReportReporter -->
<testsuite hostname="LAPTOP-CD8JOBST" failures="0" tests="1" name="com.RMGYantra_CRUD_Operations.GetProjects" time="3.665" errors="0" timestamp="2022-05-17T17:26:26 IST" skipped="0">
  <testcase classname="com.RMGYantra_CRUD_Operations.GetProjects" name="getprojects" time="3.665"/>
  <system-out/>
</testsuite> <!-- com.RMGYantra_CRUD_Operations.GetProjects -->
