<?xml version="1.0" encoding="UTF-8"?>
<!-- Generated by org.testng.reporters.JUnitReportReporter -->
<testsuite hostname="LAPTOP-CD8JOBST" failures="0" tests="1" name="com.RMGYantra_Parameters.PathParameterTest" time="3.743" errors="0" timestamp="2022-05-18T16:38:48 IST" skipped="0">
  <testcase classname="com.RMGYantra_Parameters.PathParameterTest" name="pathParameterTest" time="3.743"/>
  <system-out/>
</testsuite> <!-- com.RMGYantra_Parameters.PathParameterTest -->
