<?xml version="1.0" encoding="UTF-8"?>
<!-- Generated by org.testng.reporters.JUnitReportReporter -->
<testsuite hostname="LAPTOP-CD8JOBST" failures="0" tests="1" name="com.RMGYantra_Different_Ways_To_Post.CreatingProjectTest" time="3.723" errors="0" timestamp="2022-05-18T12:20:29 IST" skipped="0">
  <testcase classname="com.RMGYantra_Different_Ways_To_Post.CreatingProjectTest" name="creatingProjectTest" time="3.723"/>
  <system-out/>
</testsuite> <!-- com.RMGYantra_Different_Ways_To_Post.CreatingProjectTest -->
