<?xml version="1.0" encoding="UTF-8"?>
<!-- Generated by org.testng.reporters.JUnitReportReporter -->
<testsuite hostname="LAPTOP-CD8JOBST" failures="0" tests="1" name="com.RMGYantra_Different_Ways_To_Post.CreatingProjectWithPOJOClass" time="3.193" errors="0" timestamp="2022-05-18T12:53:46 IST" skipped="0">
  <testcase classname="com.RMGYantra_Different_Ways_To_Post.CreatingProjectWithPOJOClass" name="creatingProjectWithPOJOClass" time="3.193"/>
  <system-out/>
</testsuite> <!-- com.RMGYantra_Different_Ways_To_Post.CreatingProjectWithPOJOClass -->
