<?xml version="1.0" encoding="UTF-8"?>
<!-- Generated by org.testng.reporters.JUnitReportReporter -->
<testsuite hostname="LAPTOP-CD8JOBST" failures="0" tests="1" name="com.RMGYantra_EndToEnd_Scenario.EndToEndScenarioTest" time="7.187" errors="0" timestamp="2022-05-19T17:08:38 IST" skipped="0">
  <testcase classname="com.RMGYantra_EndToEnd_Scenario.EndToEndScenarioTest" name="endToEndScenario" time="7.187"/>
  <system-out/>
</testsuite> <!-- com.RMGYantra_EndToEnd_Scenario.EndToEndScenarioTest -->
