<?xml version="1.0" encoding="UTF-8"?>
<!-- Generated by org.testng.reporters.JUnitReportReporter -->
<testsuite hostname="LAPTOP-CD8JOBST" failures="0" tests="1" name="com.RMGYantra_Parameters.GitParameterTest" time="6.119" errors="0" timestamp="2022-05-18T17:11:33 IST" skipped="0">
  <testcase classname="com.RMGYantra_Parameters.GitParameterTest" name="gitParameterTest" time="6.119"/>
  <system-out/>
</testsuite> <!-- com.RMGYantra_Parameters.GitParameterTest -->
