<?xml version="1.0" encoding="UTF-8"?>
<!-- Generated by org.testng.reporters.JUnitReportReporter -->
<testsuite hostname="LAPTOP-CD8JOBST" failures="0" tests="1" name="com.RMGYantra_EndToEnd_Scenario.EndToEndScenario_Test" time="42.861" errors="0" timestamp="2022-05-20T17:07:08 IST" skipped="0">
  <testcase classname="com.RMGYantra_EndToEnd_Scenario.EndToEndScenario_Test" name="endToEnd" time="42.861"/>
  <system-out/>
</testsuite> <!-- com.RMGYantra_EndToEnd_Scenario.EndToEndScenario_Test -->
