<?xml version="1.0" encoding="UTF-8"?>
<!-- Generated by org.testng.reporters.JUnitReportReporter -->
<testsuite hostname="LAPTOP-CD8JOBST" failures="0" tests="1" name="com.RMGYantra_Validation.ResponseTimeTest" time="4.682" errors="0" timestamp="2022-05-18T15:55:11 IST" skipped="0">
  <testcase classname="com.RMGYantra_Validation.ResponseTimeTest" name="responseTimeTest" time="4.682"/>
  <system-out/>
</testsuite> <!-- com.RMGYantra_Validation.ResponseTimeTest -->
