<?xml version="1.0" encoding="UTF-8"?>
<!-- Generated by org.testng.reporters.JUnitReportReporter -->
<testsuite hostname="LAPTOP-CD8JOBST" failures="0" tests="1" name="com.RMGYantra_CRUD_Operations.GetSingleProject" time="2.702" errors="0" timestamp="2022-05-17T17:42:25 IST" skipped="0">
  <testcase classname="com.RMGYantra_CRUD_Operations.GetSingleProject" name="getSingleProject" time="2.702"/>
  <system-out/>
</testsuite> <!-- com.RMGYantra_CRUD_Operations.GetSingleProject -->
