<?xml version="1.0" encoding="UTF-8"?>
<!-- Generated by org.testng.reporters.JUnitReportReporter -->
<testsuite hostname="LAPTOP-CD8JOBST" failures="0" tests="1" name="com.RMGYantra_CRUD_Operations_Without_BDD.GettingProjectTest" time="5.468" errors="0" timestamp="2022-05-18T15:28:41 IST" skipped="0">
  <testcase classname="com.RMGYantra_CRUD_Operations_Without_BDD.GettingProjectTest" name="gettingProjectTest" time="5.468"/>
  <system-out/>
</testsuite> <!-- com.RMGYantra_CRUD_Operations_Without_BDD.GettingProjectTest -->
