<?xml version="1.0" encoding="UTF-8"?>
<!-- Generated by org.testng.reporters.JUnitReportReporter -->
<testsuite hostname="LAPTOP-CD8JOBST" failures="0" tests="1" name="com.RMGYantra_Authentication.BasicAuthTest" time="3.647" errors="0" timestamp="2022-05-19T11:42:13 IST" skipped="0">
  <testcase classname="com.RMGYantra_Authentication.BasicAuthTest" name="basicAuthTest" time="3.647"/>
  <system-out/>
</testsuite> <!-- com.RMGYantra_Authentication.BasicAuthTest -->
