<?xml version="1.0" encoding="UTF-8"?>
<!-- Generated by org.testng.reporters.JUnitReportReporter -->
<testsuite hostname="LAPTOP-CD8JOBST" failures="0" tests="1" name="com.RMGYantra_CRUD_Operations.UpdateProject" time="3.264" errors="0" timestamp="2022-05-17T22:17:15 IST" skipped="0">
  <testcase classname="com.RMGYantra_CRUD_Operations.UpdateProject" name="creatingProject" time="3.264"/>
  <system-out/>
</testsuite> <!-- com.RMGYantra_CRUD_Operations.UpdateProject -->
